FIFO Level: 9
FIFO Dump: 24 15 7 36 44 31 22 60 71 55 50 89 101 86 87 111 115 109 110 117 115 119 114 113 111 115 109 114 112 112 109 118 
Up Data: 24 44 71 101 115 115 111 112 
Finding last: U:112 D:112 L:109 R:118
Last Values: U:112 D:112 L:109 R:118
Ratios: UD Fi: 17 UD La: 0 LR Fi: -46 LR La: -3
Deltas: UD: -17 LR: 43
Accumulations: UD: -17 LR: 43
UD_CT: 0 LR_CT: 0 NEAR_CT: 0 FAR_CT: 0
----------
FIFO Level: 11
FIFO Dump: 124 120 116 124 130 124 125 128 133 128 127 132 138 135 129 137 143 134 133 137 140 129 136 127 127 117 129 104 104 99 112 67 
Up Data: 124 130 133 138 143 140 127 104 
Finding last: U:104 D:99 L:112 R:67
Last Values: U:104 D:99 L:112 R:67
Ratios: UD Fi: 1 UD La: 2 LR Fi: -3 LR La: 25
Deltas: UD: 1 LR: 28
Accumulations: UD: -16 LR: 71
UD_CT: 0 LR_CT: 1 NEAR_CT: 0 FAR_CT: 0
----------
FIFO Level: 3
FIFO Dump: 73 73 85 41 41 43 48 15 18 20 19 6 
Up Data: 73 41 18 
END: 2
RIGHT
FIFO Level: 9
FIFO Dump: 27 32 44 23 44 48 63 41 65 67 80 59 84 83 93 77 99 94 100 95 108 100 101 105 111 102 105 108 109 103 104 108 
Up Data: 27 44 65 84 99 108 111 109 
Finding last: U:109 D:103 L:104 R:108
Last Values: U:109 D:103 L:104 R:108
Ratios: UD Fi: -8 UD La: 2 LR Fi: 31 LR La: -1
Deltas: UD: 10 LR: -32
Accumulations: UD: 10 LR: -32
UD_CT: 0 LR_CT: 0 NEAR_CT: 0 FAR_CT: 0
----------
FIFO Level: 9
FIFO Dump: 108 104 101 108 105 107 104 108 108 112 107 113 111 110 98 115 109 96 80 106 92 68 57 88 68 38 29 61 42 18 11 38 
Up Data: 108 105 108 111 109 92 68 42 
Finding last: U:42 D:18 L:11 R:38
Last Values: U:42 D:18 L:11 R:38
Ratios: UD Fi: 1 UD La: 40 LR Fi: -3 LR La: -55
Deltas: UD: 39 LR: -52
Accumulations: UD: 49 LR: -84
UD_CT: 0 LR_CT: -1 NEAR_CT: 0 FAR_CT: 0
----------
FIFO Level: 1
FIFO Dump: 24 6 2 17 
Up Data: 24 
END: 1
LEFT
FIFO Level: 9
FIFO Dump: 66 18 53 47 91 46 80 73 111 76 99 98 116 101 107 113 113 107 101 113 113 101 100 109 114 104 105 111 118 108 109 115 
Up Data: 66 91 111 116 113 113 114 118 
Finding last: U:118 D:108 L:109 R:115
Last Values: U:118 D:108 L:109 R:115
Ratios: UD Fi: 57 UD La: 4 LR Fi: 6 LR La: -2
Deltas: UD: -53 LR: -8
Accumulations: UD: -53 LR: -8
UD_CT: -1 LR_CT: 0 NEAR_CT: 0 FAR_CT: 0
----------
FIFO Level: 10
FIFO Dump: 119 109 109 121 117 111 106 119 120 109 107 121 120 111 111 120 110 117 99 108 84 109 82 92 56 94 62 71 30 68 38 48 
Up Data: 119 117 120 120 110 84 56 30 
Finding last: U:30 D:68 L:38 R:48
Last Values: U:30 D:68 L:38 R:48
Ratios: UD Fi: 4 UD La: -38 LR Fi: -5 LR La: -11
Deltas: UD: -42 LR: -6
Accumulations: UD: -95 LR: -14
UD_CT: -1 LR_CT: 0 NEAR_CT: 0 FAR_CT: 0
----------
FIFO Level: 2
FIFO Dump: 14 38 15 26 5 13 5 12 
Up Data: 14 5 
END: 3
UP
FIFO Level: 9
FIFO Dump: 24 60 42 54 45 84 62 70 66 99 79 85 84 106 94 96 101 112 106 108 115 112 110 110 120 111 110 113 115 105 108 109 
Up Data: 24 45 66 84 101 115 120 115 
Finding last: U:115 D:105 L:108 R:109
Last Values: U:115 D:105 L:108 R:109
Ratios: UD Fi: -42 UD La: 4 LR Fi: -12 LR La: 0
Deltas: UD: 46 LR: 12
Accumulations: UD: 46 LR: 12
UD_CT: 0 LR_CT: 0 NEAR_CT: 0 FAR_CT: 0
----------
FIFO Level: 11
FIFO Dump: 112 103 102 108 106 100 97 104 107 101 98 105 107 104 101 106 107 97 100 101 108 83 93 88 98 58 75 68 80 37 55 47 
Up Data: 112 106 107 107 107 108 98 80 
Finding last: U:80 D:37 L:55 R:47
Last Values: U:80 D:37 L:55 R:47
Ratios: UD Fi: 4 UD La: 36 LR Fi: -2 LR La: 7
Deltas: UD: 32 LR: 9
Accumulations: UD: 78 LR: 21
UD_CT: 1 LR_CT: 0 NEAR_CT: 0 FAR_CT: 0
----------
FIFO Level: 3
FIFO Dump: 56 17 32 28 33 6 15 17 16 4 6 11 
Up Data: 56 33 16 
END: 4
DOWN
FIFO Level: 9
FIFO Dump: 29 30 30 31 34 35 33 36 36 38 38 39 40 43 42 43 45 47 45 47 52 54 49 52 51 55 52 56 56 59 57 61 
Up Data: 29 34 36 40 45 52 51 56 
Finding last: U:56 D:59 L:57 R:61
Last Values: U:56 D:59 L:57 R:61
Ratios: UD Fi: -1 UD La: -2 LR Fi: -1 LR La: -3
Deltas: UD: -1 LR: -2
Accumulations: UD: -1 LR: -2
UD_CT: 0 LR_CT: 0 NEAR_CT: 0 FAR_CT: 1
----------
FIFO Level: 10
FIFO Dump: 61 66 62 66 66 71 66 71 72 75 70 74 77 80 76 83 82 87 82 87 87 94 85 93 93 99 91 96 98 104 95 101 
Up Data: 61 66 72 77 82 87 93 98 
Finding last: U:98 D:104 L:95 R:101
Last Values: U:98 D:104 L:95 R:101
Ratios: UD Fi: -3 UD La: -2 LR Fi: -3 LR La: -3
Deltas: UD: 1 LR: 0
Accumulations: UD: 0 LR: -2
UD_CT: 0 LR_CT: 0 NEAR_CT: 0 FAR_CT: 2
----------
FIFO Level: 12
FIFO Dump: 100 107 99 105 105 110 103 108 108 114 108 113 114 116 110 116 114 118 115 117 120 122 116 120 120 124 117 122 124 128 118 121 
Up Data: 100 105 108 114 114 120 120 124 
Finding last: U:124 D:128 L:118 R:121
Last Values: U:124 D:128 L:118 R:121
Ratios: UD Fi: -3 UD La: -1 LR Fi: -2 LR La: -1
Deltas: UD: 2 LR: 1
Accumulations: UD: 2 LR: -1
UD_CT: 0 LR_CT: 0 NEAR_CT: 0 FAR_CT: 3
----------
FIFO Level: 15
FIFO Dump: 126 129 122 125 126 130 121 128 125 129 123 128 126 128 125 128 125 129 122 128 123 129 119 125 124 129 122 125 124 129 120 122 
Up Data: 126 126 125 126 125 123 124 124 
Finding last: U:124 D:129 L:120 R:122
Last Values: U:124 D:129 L:120 R:122
Ratios: UD Fi: -1 UD La: -1 LR Fi: -1 LR La: 0
Deltas: UD: 0 LR: 1
Accumulations: UD: 2 LR: 0
UD_CT: 0 LR_CT: 0 NEAR_CT: 0 FAR_CT: 4
----------
FIFO Level: 17
FIFO Dump: 122 125 115 122 119 124 115 122 118 125 113 119 115 122 112 117 114 120 108 115 114 118 107 113 111 116 108 113 110 116 108 110 
Up Data: 122 119 118 115 114 114 111 110 
Finding last: U:110 D:116 L:108 R:110
Last Values: U:110 D:116 L:108 R:110
Ratios: UD Fi: -1 UD La: -2 LR Fi: -2 LR La: 0
Deltas: UD: -1 LR: 2
Accumulations: UD: 1 LR: 2
UD_CT: 0 LR_CT: 0 NEAR_CT: 0 FAR_CT: 5
----------
FIFO Level: 19
FIFO Dump: 108 113 104 110 105 110 104 108 105 109 101 107 104 108 101 106 101 106 101 107 102 108 100 105 102 107 99 105 101 107 96 102 
Up Data: 108 105 105 104 101 102 102 101 
Finding last: U:101 D:107 L:96 R:102
Last Values: U:101 D:107 L:96 R:102
Ratios: UD Fi: -2 UD La: -2 LR Fi: -2 LR La: -3
Deltas: UD: 0 LR: -1
Accumulations: UD: 1 LR: 1
UD_CT: 0 LR_CT: 0 NEAR_CT: 0 FAR_CT: 6
----------
FIFO Level: 22
FIFO Dump: 102 107 100 104 100 106 97 102 103 107 98 102 101 108 96 102 101 106 99 104 101 107 96 102 101 104 98 102 99 105 100 103 
Up Data: 102 100 103 101 101 101 101 99 
Finding last: U:99 D:105 L:100 R:103
Last Values: U:99 D:105 L:100 R:103
Ratios: UD Fi: -2 UD La: -2 LR Fi: -1 LR La: -1
Deltas: UD: 0 LR: 0
Accumulations: UD: 1 LR: 1
UD_CT: 0 LR_CT: 0 NEAR_CT: 1 FAR_CT: 6
----------
FIFO Level: 24
FIFO Dump: 101 106 100 104 101 106 98 102 101 108 99 104 102 108 100 104 101 105 98 102 102 108 101 106 103 108 101 105 102 108 99 104 
Up Data: 101 101 101 102 101 102 103 102 
Finding last: U:102 D:108 L:99 R:104
Last Values: U:102 D:108 L:99 R:104
Ratios: UD Fi: -2 UD La: -2 LR Fi: -1 LR La: -2
Deltas: UD: 0 LR: -1
Accumulations: UD: 1 LR: 0
UD_CT: 0 LR_CT: 0 NEAR_CT: 1 FAR_CT: 7
----------
FIFO Level: 26
FIFO Dump: 104 108 100 105 104 110 101 104 104 108 103 108 104 108 102 108 105 110 103 108 107 110 104 107 108 112 104 110 108 111 103 109 
Up Data: 104 104 104 104 105 107 108 108 
Finding last: U:108 D:111 L:103 R:109
Last Values: U:108 D:111 L:103 R:109
Ratios: UD Fi: -1 UD La: -1 LR Fi: -2 LR La: -2
Deltas: UD: 0 LR: 0
Accumulations: UD: 1 LR: 0
UD_CT: 0 LR_CT: 0 NEAR_CT: 2 FAR_CT: 7
----------
FIFO Level: 29
FIFO Dump: 108 113 105 107 109 114 104 110 108 113 107 110 109 114 106 110 109 113 106 112 111 115 108 109 108 114 108 112 109 113 108 113 
Up Data: 108 109 108 109 109 111 108 109 
Finding last: U:109 D:113 L:108 R:113
Last Values: U:109 D:113 L:108 R:113
Ratios: UD Fi: -2 UD La: -1 LR Fi: 0 LR La: -2
Deltas: UD: 1 LR: -2
Accumulations: UD: 2 LR: -2
UD_CT: 0 LR_CT: 0 NEAR_CT: 2 FAR_CT: 8
----------
FIFO Level: 31
FIFO Dump: 108 113 107 112 110 114 108 113 114 115 109 113 110 113 106 112 110 115 108 114 111 115 107 111 112 113 108 112 108 114 107 112 
Up Data: 108 110 114 110 110 111 112 108 
Finding last: U:108 D:114 L:107 R:112
Last Values: U:108 D:114 L:107 R:112
Ratios: UD Fi: -2 UD La: -2 LR Fi: -2 LR La: -2
Deltas: UD: 0 LR: 0
Accumulations: UD: 2 LR: -2
UD_CT: 0 LR_CT: 0 NEAR_CT: 3 FAR_CT: 8
----------
FIFO Level: 32
FIFO Dump: 114 116 111 116 112 116 107 111 111 114 108 112 114 117 108 113 112 115 109 113 113 116 107 112 113 116 109 114 111 113 111 115 
Up Data: 114 112 111 114 112 113 113 111 
Finding last: U:111 D:113 L:111 R:115
Last Values: U:111 D:113 L:111 R:115
Ratios: UD Fi: 0 UD La: 0 LR Fi: -2 LR La: -1
Deltas: UD: 0 LR: 1
Accumulations: UD: 2 LR: -1
UD_CT: 0 LR_CT: 0 NEAR_CT: 3 FAR_CT: 9
----------
FIFO Level: 32
FIFO Dump: 115 119 112 117 111 115 109 114 113 115 109 114 113 115 109 115 113 115 109 112 114 116 109 114 113 115 108 114 113 116 107 114 
Up Data: 115 111 113 113 113 114 113 113 
Finding last: U:113 D:116 L:107 R:114
Last Values: U:113 D:116 L:107 R:114
Ratios: UD Fi: -1 UD La: -1 LR Fi: -2 LR La: -3
Deltas: UD: 0 LR: -1
Accumulations: UD: 2 LR: -2
UD_CT: 0 LR_CT: 0 NEAR_CT: 3 FAR_CT: 10
----------
FIFO Level: 32
FIFO Dump: 114 117 111 117 113 114 107 112 112 115 110 114 113 115 108 114 114 115 109 112 113 115 108 114 115 116 108 112 113 115 109 116 
Up Data: 114 113 112 113 114 113 115 113 
Finding last: U:113 D:115 L:109 R:116
Last Values: U:113 D:115 L:109 R:116
Ratios: UD Fi: -1 UD La: 0 LR Fi: -2 LR La: -3
Deltas: UD: 1 LR: -1
Accumulations: UD: 3 LR: -3
UD_CT: 0 LR_CT: 0 NEAR_CT: 3 FAR_CT: 11
----------
FIFO Level: 32
FIFO Dump: 115 117 109 114 112 115 109 113 113 115 110 115 112 116 110 115 114 115 110 114 112 112 110 114 114 116 108 114 115 116 112 117 
Up Data: 115 112 113 112 114 112 114 115 
Finding last: U:115 D:116 L:112 R:117
Last Values: U:115 D:116 L:112 R:117
Ratios: UD Fi: 0 UD La: 0 LR Fi: -2 LR La: -2
Deltas: UD: 0 LR: 0
Accumulations: UD: 3 LR: -3
UD_CT: 0 LR_CT: 0 NEAR_CT: 4 FAR_CT: 11
----------
FIFO Level: 32
FIFO Dump: 115 116 108 114 115 117 111 117 116 116 112 116 117 118 111 115 114 117 112 115 115 116 112 117 115 118 109 115 116 117 112 116 
Up Data: 115 115 116 117 114 115 115 116 
Finding last: U:116 D:117 L:112 R:116
Last Values: U:116 D:117 L:112 R:116
Ratios: UD Fi: 0 UD La: 0 LR Fi: -2 LR La: -1
Deltas: UD: 0 LR: 1
Accumulations: UD: 3 LR: -2
UD_CT: 0 LR_CT: 0 NEAR_CT: 4 FAR_CT: 12
----------
FIFO Level: 32
FIFO Dump: 111 114 107 113 117 119 112 117 118 121 112 118 115 120 113 118 118 120 112 116 116 119 111 116 115 120 115 117 116 117 116 120 
Up Data: 111 117 118 115 118 116 115 116 
Finding last: U:116 D:117 L:116 R:120
Last Values: U:116 D:117 L:116 R:120
Ratios: UD Fi: -1 UD La: 0 LR Fi: -2 LR La: -1
Deltas: UD: 1 LR: 1
Accumulations: UD: 4 LR: -1
UD_CT: 0 LR_CT: 0 NEAR_CT: 4 FAR_CT: 13
----------
FIFO Level: 32
FIFO Dump: 108 111 105 111 117 119 112 116 114 117 110 115 115 117 111 117 115 116 113 117 117 117 111 116 116 116 110 117 115 116 109 116 
Up Data: 108 117 114 115 115 117 116 115 
Finding last: U:115 D:116 L:109 R:116
Last Values: U:115 D:116 L:109 R:116
Ratios: UD Fi: -1 UD La: 0 LR Fi: -2 LR La: -3
Deltas: UD: 1 LR: -1
Accumulations: UD: 5 LR: -2
UD_CT: 0 LR_CT: 0 NEAR_CT: 4 FAR_CT: 14
----------
FIFO Level: 32
FIFO Dump: 108 111 104 108 114 116 111 115 114 116 109 114 114 116 107 115 114 115 108 114 115 118 108 114 114 116 109 115 112 114 107 113 
Up Data: 108 114 114 114 114 115 114 112 
Finding last: U:112 D:114 L:107 R:113
Last Values: U:112 D:114 L:107 R:113
Ratios: UD Fi: -1 UD La: 0 LR Fi: -1 LR La: -2
Deltas: UD: 1 LR: -1
Accumulations: UD: 6 LR: -3
UD_CT: 0 LR_CT: 0 NEAR_CT: 4 FAR_CT: 15
----------
FIFO Level: 32
FIFO Dump: 107 107 101 107 111 114 108 113 113 115 107 113 112 114 107 113 111 114 108 114 109 114 107 111 111 113 105 111 112 114 106 113 
Up Data: 107 111 113 112 111 109 111 112 
Finding last: U:112 D:114 L:106 R:113
Last Values: U:112 D:114 L:106 R:113
Ratios: UD Fi: 0 UD La: 0 LR Fi: -2 LR La: -3
Deltas: UD: 0 LR: -1
Accumulations: UD: 6 LR: -4
UD_CT: 0 LR_CT: 0 NEAR_CT: 4 FAR_CT: 16
----------
FIFO Level: 32
FIFO Dump: 103 107 101 104 111 115 106 112 110 113 106 113 110 114 106 111 111 114 107 112 110 114 104 110 109 114 104 110 110 114 104 110 
Up Data: 103 111 110 110 111 110 109 110 
Finding last: U:110 D:114 L:104 R:110
Last Values: U:110 D:114 L:104 R:110
Ratios: UD Fi: -1 UD La: -1 LR Fi: -1 LR La: -2
Deltas: UD: 0 LR: -1
Accumulations: UD: 6 LR: -5
UD_CT: 0 LR_CT: 0 NEAR_CT: 4 FAR_CT: 17
----------
FIFO Level: 32
FIFO Dump: 95 101 92 97 111 111 105 109 109 112 105 108 108 112 104 108 108 112 105 109 109 112 106 110 110 113 102 108 108 113 104 110 
Up Data: 95 111 109 108 108 109 110 108 
Finding last: U:108 D:113 L:104 R:110
Last Values: U:108 D:113 L:104 R:110
Ratios: UD Fi: -3 UD La: -2 LR Fi: -2 LR La: -2
Deltas: UD: 1 LR: 0
Accumulations: UD: 7 LR: -5
UD_CT: 0 LR_CT: 0 NEAR_CT: 4 FAR_CT: 18
----------
FIFO Level: 32
FIFO Dump: 66 71 66 72 107 109 102 110 108 112 100 107 108 110 100 108 107 109 101 106 107 107 103 108 106 109 104 108 108 108 102 108 
Up Data: 66 107 108 108 107 107 106 108 
Finding last: U:108 D:108 L:102 R:108
Last Values: U:108 D:108 L:102 R:108
Ratios: UD Fi: -3 UD La: 0 LR Fi: -4 LR La: -2
Deltas: UD: 3 LR: 2
Accumulations: UD: 10 LR: -3
UD_CT: 0 LR_CT: 0 NEAR_CT: 4 FAR_CT: 19
----------
FIFO Level: 32
FIFO Dump: 26 26 29 24 103 108 101 106 104 108 101 106 104 108 101 106 105 108 101 107 106 108 100 104 105 107 100 105 103 107 99 103 
Up Data: 26 103 104 104 105 106 105 103 
Finding last: U:103 D:107 L:99 R:103
Last Values: U:103 D:107 L:99 R:103
Ratios: UD Fi: 0 UD La: -1 LR Fi: 9 LR La: -1
Deltas: UD: -1 LR: -10
Accumulations: UD: 9 LR: -13
UD_CT: 0 LR_CT: 0 NEAR_CT: 4 FAR_CT: 20
----------
FIFO Level: 31
FIFO Dump: 101 104 96 103 100 103 98 102 102 105 97 102 100 102 96 103 97 101 94 101 100 102 95 101 98 101 94 101 98 102 95 100 
Up Data: 101 100 102 100 97 100 98 98 
Finding last: U:98 D:102 L:95 R:100
Last Values: U:98 D:102 L:95 R:100
Ratios: UD Fi: -1 UD La: -2 LR Fi: -3 LR La: -2
Deltas: UD: -1 LR: 1
Accumulations: UD: 8 LR: -12
UD_CT: 0 LR_CT: 0 NEAR_CT: 4 FAR_CT: 21
----------
FIFO Level: 23
FIFO Dump: 94 99 91 98 94 97 89 93 91 94 87 94 91 93 87 93 88 91 84 90 86 90 81 88 80 84 78 84 79 83 74 80 
Up Data: 94 94 91 91 88 86 80 79 
Finding last: U:79 D:83 L:74 R:80
Last Values: U:79 D:83 L:74 R:80
Ratios: UD Fi: -2 UD La: -2 LR Fi: -3 LR La: -3
Deltas: UD: 0 LR: 0
Accumulations: UD: 8 LR: -12
UD_CT: 0 LR_CT: 0 NEAR_CT: 5 FAR_CT: 21
----------
FIFO Level: 15
FIFO Dump: 66 71 65 66 60 64 58 62 57 60 54 56 53 57 52 53 46 51 48 47 43 46 45 43 38 42 38 36 36 37 39 33 
Up Data: 66 60 57 53 46 43 38 36 
Finding last: U:36 D:37 L:39 R:33
Last Values: U:36 D:37 L:39 R:33
Ratios: UD Fi: -3 UD La: -1 LR Fi: 0 LR La: 8
Deltas: UD: 2 LR: 8
Accumulations: UD: 10 LR: -4
UD_CT: 0 LR_CT: 0 NEAR_CT: 5 FAR_CT: 22
----------
FIFO Level: 7
FIFO Dump: 24 25 26 21 20 18 22 17 20 18 18 15 17 16 15 13 13 13 11 11 12 12 12 11 11 9 10 8 
Up Data: 24 20 20 17 13 12 11 
Finding last: U:11 D:9 L:10 R:8
Finding last: U:12 D:12 L:12 R:11
Last Values: U:12 D:12 L:12 R:11
Ratios: UD Fi: -2 UD La: 0 LR Fi: 10 LR La: 4
Deltas: UD: 2 LR: -6
Accumulations: UD: 12 LR: -10
UD_CT: 0 LR_CT: 0 NEAR_CT: 5 FAR_CT: 23
----------
END: 0
NONE
FIFO Level: 9
FIFO Dump: 29 26 30 30 32 30 32 31 37 34 37 37 41 38 40 40 47 43 45 46 52 49 52 52 59 54 56 59 66 63 61 64 
Up Data: 29 32 37 41 47 52 59 66 
Finding last: U:66 D:63 L:61 R:64
Last Values: U:66 D:63 L:61 R:64
Ratios: UD Fi: 5 UD La: 2 LR Fi: 0 LR La: -2
Deltas: UD: -3 LR: -2
Accumulations: UD: -3 LR: -2
UD_CT: 0 LR_CT: 0 NEAR_CT: 0 FAR_CT: 1
----------
FIFO Level: 10
FIFO Dump: 73 67 70 73 82 72 80 80 89 81 85 87 101 91 94 96 112 97 105 105 122 108 115 117 134 114 127 126 149 124 138 133 
Up Data: 73 82 89 101 112 122 134 149 
Finding last: U:149 D:124 L:138 R:133
Last Values: U:149 D:124 L:138 R:133
Ratios: UD Fi: 4 UD La: 9 LR Fi: -2 LR La: 1
Deltas: UD: 5 LR: 3
Accumulations: UD: 2 LR: 1
UD_CT: 0 LR_CT: 0 NEAR_CT: 0 FAR_CT: 2
----------
FIFO Level: 13
FIFO Dump: 162 132 154 147 174 140 162 156 186 149 170 164 198 157 182 171 205 162 191 179 214 167 194 182 217 168 198 185 217 169 200 186 
Up Data: 162 174 186 198 205 214 217 217 
Finding last: U:217 D:169 L:200 R:186
Last Values: U:217 D:169 L:200 R:186
Ratios: UD Fi: 10 UD La: 12 LR Fi: 2 LR La: 3
Deltas: UD: 2 LR: 1
Accumulations: UD: 4 LR: 2
UD_CT: 0 LR_CT: 0 NEAR_CT: 0 FAR_CT: 3
----------
FIFO Level: 15
FIFO Dump: 216 168 194 183 211 164 191 180 205 161 183 174 193 154 175 165 185 149 166 159 175 141 156 153 164 135 146 143 154 129 135 136 
Up Data: 216 211 205 193 185 175 164 154 
Finding last: U:154 D:129 L:135 R:136
Last Values: U:154 D:129 L:135 R:136
Ratios: UD Fi: 12 UD La: 8 LR Fi: 2 LR La: 0
Deltas: UD: -4 LR: -2
Accumulations: UD: 0 LR: 0
UD_CT: 0 LR_CT: 0 NEAR_CT: 0 FAR_CT: 4
----------
FIFO Level: 17
FIFO Dump: 142 118 129 126 134 114 119 118 123 106 112 112 115 100 105 106 106 92 97 99 101 88 90 93 92 81 80 84 85 76 76 81 
Up Data: 142 134 123 115 106 101 92 85 
Finding last: U:85 D:76 L:76 R:81
Last Values: U:85 D:76 L:76 R:81
Ratios: UD Fi: 9 UD La: 5 LR Fi: 1 LR La: -3
Deltas: UD: -4 LR: -4
Accumulations: UD: -4 LR: -4
UD_CT: 0 LR_CT: 0 NEAR_CT: 0 FAR_CT: 5
----------
FIFO Level: 18
FIFO Dump: 79 71 71 72 74 66 67 67 68 62 59 62 63 55 57 58 55 50 52 53 50 45 47 47 47 42 44 42 42 36 38 37 
Up Data: 79 74 68 63 55 50 47 42 
Finding last: U:42 D:36 L:38 R:37
Last Values: U:42 D:36 L:38 R:37
Ratios: UD Fi: 5 UD La: 7 LR Fi: 0 LR La: 1
Deltas: UD: 2 LR: 1
Accumulations: UD: -2 LR: -3
UD_CT: 0 LR_CT: 0 NEAR_CT: 0 FAR_CT: 6
----------
FIFO Level: 11
FIFO Dump: 39 34 36 32 35 31 32 28 30 25 26 23 26 21 26 23 22 18 22 20 20 16 21 18 18 15 16 12 16 13 14 13 
Up Data: 39 35 30 26 22 20 18 16 
Finding last: U:16 D:13 L:14 R:13
Last Values: U:16 D:13 L:14 R:13
Ratios: UD Fi: 6 UD La: 10 LR Fi: 5 LR La: 3
Deltas: UD: 4 LR: -2
Accumulations: UD: 2 LR: -5
UD_CT: 0 LR_CT: 0 NEAR_CT: 0 FAR_CT: 7
----------
FIFO Level: 3
FIFO Dump: 12 8 13 12 14 10 12 11 11 7 10 10 
Up Data: 12 14 11 
END: 0
NONE
FIFO Level: 9
FIFO Dump: 32 28 32 29 35 31 35 32 40 36 42 37 45 39 46 44 51 46 52 49 60 53 57 56 66 59 66 65 74 66 73 73 
Up Data: 32 35 40 45 51 60 66 74 
Finding last: U:74 D:66 L:73 R:73
Last Values: U:74 D:66 L:73 R:73
Ratios: UD Fi: 6 UD La: 5 LR Fi: 4 LR La: 0
Deltas: UD: -1 LR: -4
Accumulations: UD: -1 LR: -4
UD_CT: 0 LR_CT: 0 NEAR_CT: 0 FAR_CT: 1
----------
FIFO Level: 10
FIFO Dump: 86 77 80 80 94 81 88 91 107 92 95 99 117 100 108 110 127 106 116 121 141 117 129 129 154 126 140 141 170 137 156 154 
Up Data: 86 94 107 117 127 141 154 170 
Finding last: U:170 D:137 L:156 R:154
Last Values: U:170 D:137 L:156 R:154
Ratios: UD Fi: 5 UD La: 10 LR Fi: 0 LR La: 0
Deltas: UD: 5 LR: 0
Accumulations: UD: 4 LR: -4
UD_CT: 0 LR_CT: 0 NEAR_CT: 0 FAR_CT: 2
----------
FIFO Level: 13
FIFO Dump: 185 146 168 168 202 156 181 178 219 167 198 194 234 177 212 206 253 188 226 220 255 198 237 229 255 205 247 240 255 212 255 248 
Up Data: 185 202 219 234 253 255 255 255 
Finding last: U:255 D:212 L:255 R:248
Last Values: U:255 D:212 L:255 R:248
Ratios: UD Fi: 11 UD La: 9 LR Fi: 0 LR La: 1
Deltas: UD: -2 LR: 1
Accumulations: UD: 2 LR: -3
UD_CT: 0 LR_CT: 0 NEAR_CT: 0 FAR_CT: 3
----------
FIFO Level: 15
FIFO Dump: 255 219 255 253 255 223 255 255 255 226 255 255 255 223 255 255 255 222 255 255 255 218 255 250 255 213 251 245 255 208 242 238 
Up Data: 255 255 255 255 255 255 255 255 
Finding last: U:255 D:208 L:242 R:238
Last Values: U:255 D:208 L:242 R:238
Ratios: UD Fi: 7 UD La: 10 LR Fi: 0 LR La: 0
Deltas: UD: 3 LR: 0
Accumulations: UD: 5 LR: -3
UD_CT: 0 LR_CT: 0 NEAR_CT: 0 FAR_CT: 4
----------
FIFO Level: 17
FIFO Dump: 255 201 232 230 255 193 222 220 245 187 210 211 233 180 202 203 221 174 191 195 211 165 184 188 203 161 175 180 191 155 170 175 
Up Data: 255 255 245 233 221 211 203 191 
Finding last: U:191 D:155 L:170 R:175
Last Values: U:191 D:155 L:170 R:175
Ratios: UD Fi: 11 UD La: 10 LR Fi: 0 LR La: -1
Deltas: UD: -1 LR: -1
Accumulations: UD: 4 LR: -4
UD_CT: 0 LR_CT: 0 NEAR_CT: 0 FAR_CT: 5
----------
FIFO Level: 20
FIFO Dump: 184 149 163 166 179 148 155 162 170 141 150 155 166 138 146 152 160 134 141 146 155 130 136 139 148 124 134 136 143 121 129 129 
Up Data: 184 179 170 166 160 155 148 143 
Finding last: U:143 D:121 L:129 R:129
Last Values: U:143 D:121 L:129 R:129
Ratios: UD Fi: 10 UD La: 8 LR Fi: 0 LR La: 0
Deltas: UD: -2 LR: 0
Accumulations: UD: 2 LR: -4
UD_CT: 0 LR_CT: 0 NEAR_CT: 0 FAR_CT: 6
----------
FIFO Level: 20
FIFO Dump: 136 115 126 123 131 111 124 117 126 106 122 108 123 103 114 102 115 96 112 94 110 92 108 90 103 86 105 81 98 82 101 75 
Up Data: 136 131 126 123 115 110 103 98 
Finding last: U:98 D:82 L:101 R:75
Last Values: U:98 D:82 L:101 R:75
Ratios: UD Fi: 8 UD La: 8 LR Fi: 1 LR La: 14
Deltas: UD: 0 LR: 13
Accumulations: UD: 2 LR: 9
UD_CT: 0 LR_CT: 0 NEAR_CT: 0 FAR_CT: 7
----------
FIFO Level: 12
FIFO Dump: 91 75 94 67 84 71 90 60 80 65 82 52 71 60 78 46 63 53 71 39 56 47 61 31 46 39 52 26 36 32 44 19 
Up Data: 91 84 80 71 63 56 46 36 
Finding last: U:36 D:32 L:44 R:19
Last Values: U:36 D:32 L:44 R:19
Ratios: UD Fi: 9 UD La: 5 LR Fi: 16 LR La: 39
Deltas: UD: -4 LR: 23
Accumulations: UD: -2 LR: 32
UD_CT: 0 LR_CT: 0 NEAR_CT: 0 FAR_CT: 7
----------
FIFO Level: 4
FIFO Dump: 29 25 37 14 25 21 28 10 15 13 18 6 11 11 13 5 
Up Data: 29 25 15 11 
END: 0
NONE
FIFO Level: 9
FIFO Dump: 25 24 32 18 32 29 38 22 35 33 45 27 40 39 49 31 47 46 59 39 55 53 66 46 63 62 73 54 68 67 81 63 
Up Data: 25 32 35 40 47 55 63 68 
Finding last: U:68 D:67 L:81 R:63
Last Values: U:68 D:67 L:81 R:63
Ratios: UD Fi: 2 UD La: 0 LR Fi: 28 LR La: 12
Deltas: UD: -2 LR: -16
Accumulations: UD: -2 LR: -16
UD_CT: 0 LR_CT: 0 NEAR_CT: 0 FAR_CT: 1
----------
FIFO Level: 10
FIFO Dump: 79 76 87 71 87 87 95 80 97 98 105 90 106 103 112 101 114 110 117 106 119 115 122 112 122 117 122 115 126 118 123 115 
Up Data: 79 87 97 106 114 119 122 126 
Finding last: U:126 D:118 L:123 R:115
Last Values: U:126 D:118 L:123 R:115
Ratios: UD Fi: 1 UD La: 3 LR Fi: 10 LR La: 3
Deltas: UD: 2 LR: -7
Accumulations: UD: 0 LR: -23
UD_CT: 0 LR_CT: 0 NEAR_CT: 0 FAR_CT: 2
----------
FIFO Level: 13
FIFO Dump: 123 115 121 115 120 113 115 108 114 107 108 103 104 99 102 94 98 95 94 87 88 85 86 80 80 78 80 75 71 69 70 65 
Up Data: 123 120 114 104 98 88 80 71 
Finding last: U:71 D:69 L:70 R:65
Last Values: U:71 D:69 L:70 R:65
Ratios: UD Fi: 3 UD La: 1 LR Fi: 2 LR La: 3
Deltas: UD: -2 LR: 1
Accumulations: UD: -2 LR: -22
UD_CT: 0 LR_CT: 0 NEAR_CT: 0 FAR_CT: 3
----------
FIFO Level: 13
FIFO Dump: 66 63 65 59 54 53 55 50 50 48 48 44 45 41 43 38 38 38 39 35 35 34 32 28 30 27 30 27 29 25 26 24 
Up Data: 66 54 50 45 38 35 30 29 
Finding last: U:29 D:25 L:26 R:24
Last Values: U:29 D:25 L:26 R:24
Ratios: UD Fi: 2 UD La: 7 LR Fi: 4 LR La: 4
Deltas: UD: 5 LR: 0
Accumulations: UD: 3 LR: -22
UD_CT: 0 LR_CT: 0 NEAR_CT: 0 FAR_CT: 4
----------
FIFO Level: 6
FIFO Dump: 22 19 20 18 18 17 18 16 18 13 16 13 13 10 12 11 12 9 10 11 10 7 10 10 
Up Data: 22 18 18 13 12 10 
Finding last: U:10 D:7 L:10 R:10
Finding last: U:12 D:9 L:10 R:11
Finding last: U:13 D:10 L:12 R:11
Finding last: U:18 D:13 L:16 R:13
Last Values: U:18 D:13 L:16 R:13
Ratios: UD Fi: 7 UD La: 16 LR Fi: 5 LR La: 10
Deltas: UD: 9 LR: 5
Accumulations: UD: 12 LR: -17
UD_CT: 0 LR_CT: 0 NEAR_CT: 0 FAR_CT: 5
----------
END: 0
NONE
FIFO Level: 9
FIFO Dump: 26 26 22 30 26 28 25 32 29 31 27 35 34 35 31 40 36 38 34 43 40 42 33 45 43 43 40 51 50 49 44 54 
Up Data: 26 26 29 34 36 40 43 50 
Finding last: U:50 D:49 L:44 R:54
Last Values: U:50 D:49 L:44 R:54
Ratios: UD Fi: 0 UD La: 1 LR Fi: -15 LR La: -10
Deltas: UD: 1 LR: 5
Accumulations: UD: 1 LR: 5
UD_CT: 0 LR_CT: 0 NEAR_CT: 0 FAR_CT: 1
----------
FIFO Level: 10
FIFO Dump: 54 55 47 59 56 56 52 64 61 61 53 68 66 63 59 73 70 67 63 78 73 73 67 84 79 76 71 87 83 79 74 87 
Up Data: 54 56 61 66 70 73 79 83 
Finding last: U:83 D:79 L:74 R:87
Last Values: U:83 D:79 L:74 R:87
Ratios: UD Fi: 0 UD La: 2 LR Fi: -11 LR La: -8
Deltas: UD: 2 LR: 3
Accumulations: UD: 3 LR: 8
UD_CT: 0 LR_CT: 0 NEAR_CT: 0 FAR_CT: 2
----------
FIFO Level: 12
FIFO Dump: 88 83 78 93 89 87 84 98 94 89 86 100 98 92 86 101 101 94 90 104 102 97 92 105 104 99 95 107 109 102 96 109 
Up Data: 88 89 94 98 101 102 104 109 
Finding last: U:109 D:102 L:96 R:109
Last Values: U:109 D:102 L:96 R:109
Ratios: UD Fi: 2 UD La: 3 LR Fi: -8 LR La: -6
Deltas: UD: 1 LR: 2
Accumulations: UD: 4 LR: 10
UD_CT: 0 LR_CT: 0 NEAR_CT: 0 FAR_CT: 3
----------
FIFO Level: 14
FIFO Dump: 108 101 95 109 110 103 98 111 110 105 103 115 117 108 103 114 119 109 106 116 119 112 108 118 121 115 112 122 124 116 114 124 
Up Data: 108 110 110 117 119 119 121 124 
Finding last: U:124 D:116 L:114 R:124
Last Values: U:124 D:116 L:114 R:124
Ratios: UD Fi: 3 UD La: 3 LR Fi: -6 LR La: -4
Deltas: UD: 0 LR: 2
Accumulations: UD: 4 LR: 12
UD_CT: 0 LR_CT: 0 NEAR_CT: 0 FAR_CT: 4
----------
FIFO Level: 17
FIFO Dump: 128 119 116 124 132 123 120 128 132 125 124 131 136 127 125 135 141 131 130 137 144 134 134 141 150 139 137 144 153 140 143 150 
Up Data: 128 132 132 136 141 144 150 153 
Finding last: U:153 D:140 L:143 R:150
Last Values: U:153 D:140 L:143 R:150
Ratios: UD Fi: 3 UD La: 4 LR Fi: -3 LR La: -2
Deltas: UD: 1 LR: 1
Accumulations: UD: 5 LR: 13
UD_CT: 0 LR_CT: 0 NEAR_CT: 0 FAR_CT: 5
----------
FIFO Level: 19
FIFO Dump: 156 143 144 152 163 150 150 157 165 151 154 160 168 152 155 163 172 156 161 166 174 159 160 169 181 164 167 172 184 166 167 174 
Up Data: 156 163 165 168 172 174 181 184 
Finding last: U:184 D:166 L:167 R:174
Last Values: U:184 D:166 L:167 R:174
Ratios: UD Fi: 4 UD La: 5 LR Fi: -2 LR La: -2
Deltas: UD: 1 LR: 0
Accumulations: UD: 6 LR: 13
UD_CT: 0 LR_CT: 0 NEAR_CT: 0 FAR_CT: 6
----------
FIFO Level: 21
FIFO Dump: 186 167 171 177 190 172 175 180 192 173 177 185 193 173 178 186 198 178 181 188 202 179 184 191 200 178 183 191 204 181 183 191 
Up Data: 186 190 192 193 198 202 200 204 
Finding last: U:204 D:181 L:183 R:191
Last Values: U:204 D:181 L:183 R:191
Ratios: UD Fi: 5 UD La: 5 LR Fi: -1 LR La: -2
Deltas: UD: 0 LR: -1
Accumulations: UD: 6 LR: 12
UD_CT: 0 LR_CT: 0 NEAR_CT: 0 FAR_CT: 7
----------
FIFO Level: 24
FIFO Dump: 201 180 184 191 202 182 184 190 201 180 183 191 201 179 182 190 200 178 183 191 200 177 181 189 199 177 178 186 197 175 177 184 
Up Data: 201 202 201 201 200 200 199 197 
Finding last: U:197 D:175 L:177 R:184
Last Values: U:197 D:175 L:177 R:184
Ratios: UD Fi: 5 UD La: 5 LR Fi: -1 LR La: -1
Deltas: UD: 0 LR: 0
Accumulations: UD: 6 LR: 12
UD_CT: 0 LR_CT: 0 NEAR_CT: 1 FAR_CT: 7
----------
FIFO Level: 26
FIFO Dump: 195 175 176 184 193 173 177 184 191 170 174 184 191 172 171 180 186 168 168 178 186 168 167 178 185 166 168 177 183 164 163 174 
Up Data: 195 193 191 191 186 186 185 183 
Finding last: U:183 D:164 L:163 R:174
Last Values: U:183 D:164 L:163 R:174
Ratios: UD Fi: 5 UD La: 5 LR Fi: -2 LR La: -3
Deltas: UD: 0 LR: -1
Accumulations: UD: 6 LR: 11
UD_CT: 0 LR_CT: 0 NEAR_CT: 1 FAR_CT: 8
----------
FIFO Level: 28
FIFO Dump: 179 161 163 174 180 163 162 170 177 160 158 168 175 158 160 168 175 160 158 165 172 155 157 165 171 155 156 165 170 155 155 163 
Up Data: 179 180 177 175 175 172 171 170 
Finding last: U:170 D:155 L:155 R:163
Last Values: U:170 D:155 L:155 R:163
Ratios: UD Fi: 5 UD La: 4 LR Fi: -3 LR La: -2
Deltas: UD: -1 LR: 1
Accumulations: UD: 5 LR: 12
UD_CT: 0 LR_CT: 0 NEAR_CT: 1 FAR_CT: 9
----------
FIFO Level: 31
FIFO Dump: 171 155 155 163 170 153 153 160 170 152 153 161 166 150 153 161 168 152 152 160 166 152 152 159 170 154 152 162 168 152 151 160 
Up Data: 171 170 170 166 168 166 170 168 
Finding last: U:168 D:152 L:151 R:160
Last Values: U:168 D:152 L:151 R:160
Ratios: UD Fi: 4 UD La: 5 LR Fi: -2 LR La: -2
Deltas: UD: 1 LR: 0
Accumulations: UD: 6 LR: 12
UD_CT: 0 LR_CT: 0 NEAR_CT: 1 FAR_CT: 10
----------
FIFO Level: 32
FIFO Dump: 167 152 151 159 170 153 152 160 167 151 152 159 169 153 154 162 167 152 154 161 168 153 151 160 169 155 154 163 169 154 153 161 
Up Data: 167 170 167 169 167 168 169 169 
Finding last: U:169 D:154 L:153 R:161
Last Values: U:169 D:154 L:153 R:161
Ratios: UD Fi: 4 UD La: 4 LR Fi: -2 LR La: -2
Deltas: UD: 0 LR: 0
Accumulations: UD: 6 LR: 12
UD_CT: 0 LR_CT: 0 NEAR_CT: 2 FAR_CT: 10
----------
FIFO Level: 32
FIFO Dump: 167 151 151 160 166 150 152 160 169 152 151 158 170 154 152 161 170 150 154 161 169 155 153 161 169 151 153 161 168 151 153 159 
Up Data: 167 166 169 170 170 169 169 168 
Finding last: U:168 D:151 L:153 R:159
Last Values: U:168 D:151 L:153 R:159
Ratios: UD Fi: 5 UD La: 5 LR Fi: -2 LR La: -1
Deltas: UD: 0 LR: 1
Accumulations: UD: 6 LR: 13
UD_CT: 0 LR_CT: 0 NEAR_CT: 2 FAR_CT: 11
----------
FIFO Level: 32
FIFO Dump: 167 152 150 158 168 152 154 161 169 153 154 161 168 153 153 160 168 150 152 160 167 151 152 158 167 150 153 159 165 151 151 158 
Up Data: 167 168 169 168 168 167 167 165 
Finding last: U:165 D:151 L:151 R:158
Last Values: U:165 D:151 L:151 R:158
Ratios: UD Fi: 4 UD La: 4 LR Fi: -2 LR La: -2
Deltas: UD: 0 LR: 0
Accumulations: UD: 6 LR: 13
UD_CT: 0 LR_CT: 0 NEAR_CT: 3 FAR_CT: 11
----------
FIFO Level: 32
FIFO Dump: 164 150 152 160 167 152 152 159 165 151 151 159 164 151 152 157 165 151 153 160 166 149 152 159 166 150 151 159 168 152 152 159 
Up Data: 164 167 165 164 165 166 166 168 
Finding last: U:168 D:152 L:152 R:159
Last Values: U:168 D:152 L:152 R:159
Ratios: UD Fi: 4 UD La: 5 LR Fi: -2 LR La: -2
Deltas: UD: 1 LR: 0
Accumulations: UD: 7 LR: 13
UD_CT: 0 LR_CT: 0 NEAR_CT: 3 FAR_CT: 12
----------
FIFO Level: 32
FIFO Dump: 165 150 148 156 168 153 153 160 166 152 153 162 165 149 152 160 167 152 151 159 167 151 151 159 164 149 154 162 167 151 153 159 
Up Data: 165 168 166 165 167 167 164 167 
Finding last: U:167 D:151 L:153 R:159
Last Values: U:167 D:151 L:153 R:159
Ratios: UD Fi: 4 UD La: 5 LR Fi: -2 LR La: -1
Deltas: UD: 1 LR: 1
Accumulations: UD: 8 LR: 14
UD_CT: 0 LR_CT: 0 NEAR_CT: 3 FAR_CT: 13
----------
FIFO Level: 32
FIFO Dump: 164 150 149 156 166 150 150 157 165 150 150 158 164 149 152 159 166 151 150 158 165 150 151 160 165 151 148 156 164 150 151 159 
Up Data: 164 166 165 164 166 165 165 164 
Finding last: U:164 D:150 L:151 R:159
Last Values: U:164 D:150 L:151 R:159
Ratios: UD Fi: 4 UD La: 4 LR Fi: -2 LR La: -2
Deltas: UD: 0 LR: 0
Accumulations: UD: 8 LR: 14
UD_CT: 0 LR_CT: 0 NEAR_CT: 4 FAR_CT: 13
----------
FIFO Level: 32
FIFO Dump: 166 153 151 158 165 151 150 159 166 151 150 160 165 150 151 159 168 152 149 157 164 150 150 158 165 151 151 158 165 151 149 157 
Up Data: 166 165 166 165 168 164 165 165 
Finding last: U:165 D:151 L:149 R:157
Last Values: U:165 D:151 L:149 R:157
Ratios: UD Fi: 4 UD La: 4 LR Fi: -2 LR La: -2
Deltas: UD: 0 LR: 0
Accumulations: UD: 8 LR: 14
UD_CT: 0 LR_CT: 0 NEAR_CT: 5 FAR_CT: 13
----------
FIFO Level: 32
FIFO Dump: 164 150 149 157 165 150 150 157 164 149 152 160 165 149 149 157 164 150 150 157 165 149 151 158 163 150 150 158 163 149 150 157 
Up Data: 164 165 164 165 164 165 163 163 
Finding last: U:163 D:149 L:150 R:157
Last Values: U:163 D:149 L:150 R:157
Ratios: UD Fi: 4 UD La: 4 LR Fi: -2 LR La: -2
Deltas: UD: 0 LR: 0
Accumulations: UD: 8 LR: 14
UD_CT: 0 LR_CT: 0 NEAR_CT: 6 FAR_CT: 13
----------
FIFO Level: 32
FIFO Dump: 164 151 151 156 163 149 148 158 164 149 150 155 164 149 150 157 164 149 150 157 164 149 150 157 162 147 149 156 163 150 151 159 
Up Data: 164 163 164 164 164 164 162 163 
Finding last: U:163 D:150 L:151 R:159
Last Values: U:163 D:150 L:151 R:159
Ratios: UD Fi: 4 UD La: 4 LR Fi: -1 LR La: -2
Deltas: UD: 0 LR: -1
Accumulations: UD: 8 LR: 13
UD_CT: 0 LR_CT: 0 NEAR_CT: 6 FAR_CT: 14
----------
FIFO Level: 32
FIFO Dump: 166 153 152 160 164 149 151 157 163 148 150 158 167 151 150 159 163 149 150 158 164 150 150 157 164 150 148 156 164 149 150 157 
Up Data: 166 164 163 167 163 164 164 164 
Finding last: U:164 D:149 L:150 R:157
Last Values: U:164 D:149 L:150 R:157
Ratios: UD Fi: 4 UD La: 4 LR Fi: -2 LR La: -2
Deltas: UD: 0 LR: 0
Accumulations: UD: 8 LR: 13
UD_CT: 0 LR_CT: 0 NEAR_CT: 7 FAR_CT: 14
----------
FIFO Level: 32
FIFO Dump: 168 152 153 161 166 151 151 159 165 150 150 156 164 149 149 157 165 151 150 157 161 148 148 157 164 150 150 157 165 149 150 158 
Up Data: 168 166 165 164 165 161 164 165 
Finding last: U:165 D:149 L:150 R:158
Last Values: U:165 D:149 L:150 R:158
Ratios: UD Fi: 5 UD La: 5 LR Fi: -2 LR La: -2
Deltas: UD: 0 LR: 0
Accumulations: UD: 8 LR: 13
UD_CT: 0 LR_CT: 0 NEAR_CT: 8 FAR_CT: 14
----------
FIFO Level: 32
FIFO Dump: 168 153 153 161 166 150 149 159 164 149 150 156 163 149 150 158 165 149 152 158 165 150 150 157 164 149 150 158 165 150 152 159 
Up Data: 168 166 164 163 165 165 164 165 
Finding last: U:165 D:150 L:152 R:159
Last Values: U:165 D:150 L:152 R:159
Ratios: UD Fi: 4 UD La: 4 LR Fi: -2 LR La: -2
Deltas: UD: 0 LR: 0
Accumulations: UD: 8 LR: 13
UD_CT: 0 LR_CT: 0 NEAR_CT: 9 FAR_CT: 14
----------
FIFO Level: 32
FIFO Dump: 166 151 151 158 165 150 151 156 166 149 153 158 165 152 153 160 166 150 151 159 164 150 151 161 166 151 151 159 169 153 152 159 
Up Data: 166 165 166 165 166 164 166 169 
Finding last: U:169 D:153 L:152 R:159
Last Values: U:169 D:153 L:152 R:159
Ratios: UD Fi: 4 UD La: 4 LR Fi: -2 LR La: -2
Deltas: UD: 0 LR: 0
Accumulations: UD: 8 LR: 13
FIFO Level: 32
FIFO Dump: 165 150 151 159 166 150 154 161 169 152 154 162 169 151 153 163 169 154 154 163 168 154 155 161 169 154 154 161 170 153 155 162 
Up Data: 165 166 169 169 169 168 169 170 
Finding last: U:170 D:153 L:155 R:162
Last Values: U:170 D:153 L:155 R:162
Ratios: UD Fi: 4 UD La: 5 LR Fi: -2 LR La: -2
Deltas: UD: 1 LR: 0
Accumulations: UD: 9 LR: 13
FIFO Level: 32
FIFO Dump: 167 151 151 160 171 154 153 161 168 151 154 161 169 151 156 163 167 152 153 160 169 152 153 161 169 153 154 161 169 153 154 162 
Up Data: 167 171 168 169 167 169 169 169 
Finding last: U:169 D:153 L:154 R:162
Last Values: U:169 D:153 L:154 R:162
Ratios: UD Fi: 5 UD La: 4 LR Fi: -2 LR La: -2
Deltas: UD: -1 LR: 0
Accumulations: UD: 8 LR: 13
FIFO Level: 32
FIFO Dump: 166 151 150 156 168 152 153 161 168 152 154 160 168 152 152 161 166 152 153 162 169 153 151 161 168 153 153 160 168 152 153 159 
Up Data: 166 168 168 168 166 169 168 168 
Finding last: U:168 D:152 L:153 R:159
Last Values: U:168 D:152 L:153 R:159
Ratios: UD Fi: 4 UD La: 5 LR Fi: -1 LR La: -1
Deltas: UD: 1 LR: 0
Accumulations: UD: 9 LR: 13
FIFO Level: 32
FIFO Dump: 165 149 152 158 167 153 153 159 167 151 150 158 167 152 153 161 169 154 154 161 168 150 155 161 169 154 154 160 167 151 154 162 
Up Data: 165 167 167 167 169 168 169 167 
Finding last: U:167 D:151 L:154 R:162
Last Values: U:167 D:151 L:154 R:162
Ratios: UD Fi: 5 UD La: 5 LR Fi: -1 LR La: -2
Deltas: UD: 0 LR: -1
Accumulations: UD: 9 LR: 12
FIFO Level: 32
FIFO Dump: 162 147 153 158 167 152 153 159 166 152 153 159 164 150 153 159 166 152 152 159 166 150 152 157 168 152 154 163 167 152 154 161 
Up Data: 162 167 166 164 166 166 168 167 
Finding last: U:167 D:152 L:154 R:161
Last Values: U:167 D:152 L:154 R:161
Ratios: UD Fi: 4 UD La: 4 LR Fi: -1 LR La: -2
Deltas: UD: 0 LR: -1
Accumulations: UD: 9 LR: 11
FIFO Level: 32
FIFO Dump: 163 148 149 153 165 150 155 160 165 150 151 158 166 152 152 158 167 152 152 159 166 153 150 158 167 152 152 157 166 151 155 159 
Up Data: 163 165 165 166 167 166 167 166 
Finding last: U:166 D:151 L:155 R:159
Last Values: U:166 D:151 L:155 R:159
Ratios: UD Fi: 4 UD La: 4 LR Fi: -1 LR La: -1
Deltas: UD: 0 LR: 0
Accumulations: UD: 9 LR: 11
FIFO Level: 32
FIFO Dump: 160 149 148 151 166 153 154 160 165 150 151 157 166 150 152 159 165 151 151 160 166 152 152 159 166 151 151 158 165 151 151 157 
Up Data: 160 166 165 166 165 166 166 165 
Finding last: U:165 D:151 L:151 R:157
Last Values: U:165 D:151 L:151 R:157
Ratios: UD Fi: 3 UD La: 4 LR Fi: -1 LR La: -1
Deltas: UD: 1 LR: 0
Accumulations: UD: 10 LR: 11
FIFO Level: 32
FIFO Dump: 157 143 146 150 167 152 152 158 165 150 149 156 165 150 151 158 163 151 152 156 165 151 152 157 163 150 151 157 164 151 150 157 
Up Data: 157 167 165 165 163 165 163 164 
Finding last: U:164 D:151 L:150 R:157
Last Values: U:164 D:151 L:150 R:157
Ratios: UD Fi: 4 UD La: 4 LR Fi: -1 LR La: -2
Deltas: UD: 0 LR: -1
Accumulations: UD: 10 LR: 10
FIFO Level: 32
FIFO Dump: 149 137 137 143 163 149 150 155 160 148 149 155 164 150 149 155 163 149 150 157 163 149 150 157 164 149 148 155 162 149 149 154 
Up Data: 149 163 160 164 163 163 164 162 
Finding last: U:162 D:149 L:149 R:154
Last Values: U:162 D:149 L:149 R:154
Ratios: UD Fi: 4 UD La: 4 LR Fi: -2 LR La: -1
Deltas: UD: 0 LR: 1
Accumulations: UD: 10 LR: 11
FIFO Level: 32
FIFO Dump: 107 94 117 77 163 149 148 153 161 148 150 155 162 147 150 154 164 150 151 155 161 147 150 153 160 147 150 153 161 148 148 151 
Up Data: 107 163 161 162 164 161 160 161 
Finding last: U:161 D:148 L:148 R:151
Last Values: U:161 D:148 L:148 R:151
Ratios: UD Fi: 6 UD La: 4 LR Fi: 20 LR La: -1
Deltas: UD: -2 LR: -21
Accumulations: UD: 8 LR: -10
UD_CT: 0 LR_CT: 0 NEAR_CT: 11 FAR_CT: 22
----------
FIFO Level: 32
FIFO Dump: 158 145 149 151 158 148 146 149 159 147 149 151 160 147 146 149 160 149 148 151 159 146 146 150 158 147 146 149 157 145 149 150 
Up Data: 158 158 159 160 160 159 158 157 
Finding last: U:157 D:145 L:149 R:150
Last Values: U:157 D:145 L:149 R:150
Ratios: UD Fi: 4 UD La: 3 LR Fi: 0 LR La: 0
Deltas: UD: -1 LR: 0
Accumulations: UD: 7 LR: -10
FIFO Level: 24
FIFO Dump: 155 142 142 148 156 143 142 146 155 143 144 147 154 143 143 148 155 142 141 145 155 142 140 145 151 141 141 148 152 140 137 144 
Up Data: 155 156 155 154 155 155 151 152 
Finding last: U:152 D:140 L:137 R:144
Last Values: U:152 D:140 L:137 R:144
Ratios: UD Fi: 4 UD La: 4 LR Fi: -2 LR La: -2
Deltas: UD: 0 LR: 0
Accumulations: UD: 7 LR: -10
FIFO Level: 16
FIFO Dump: 149 137 134 142 146 135 136 142 144 132 134 135 140 129 134 130 139 126 134 128 133 120 131 121 128 114 131 110 123 108 127 101 
Up Data: 149 146 144 140 139 133 128 123 
Finding last: U:123 D:108 L:127 R:101
Last Values: U:123 D:108 L:127 R:101
Ratios: UD Fi: 4 UD La: 6 LR Fi: -2 LR La: 11
Deltas: UD: 2 LR: 13
Accumulations: UD: 9 LR: 3
FIFO Level: 8
FIFO Dump: 98 85 108 66 85 74 97 51 67 61 86 39 55 50 67 25 40 40 50 16 28 31 35 11 18 22 23 7 11 11 12 5 
Up Data: 98 85 67 55 40 28 18 11 
Finding last: U:11 D:11 L:12 R:5
Finding last: U:18 D:22 L:23 R:7
Finding last: U:28 D:31 L:35 R:11
Last Values: U:28 D:31 L:35 R:11
Ratios: UD Fi: 7 UD La: -5 LR Fi: 24 LR La: 52
Deltas: UD: -12 LR: 28
Accumulations: UD: -3 LR: 31
UD_CT: 0 LR_CT: 0 NEAR_CT: 12 FAR_CT: 24
----------
END: 6
FAR
FIFO Level: 9
FIFO Dump: 27 25 23 32 29 26 23 32 29 28 23 31 30 28 25 35 30 29 27 36 32 32 30 36 34 33 29 36 37 35 31 39 
Up Data: 27 29 29 30 30 32 34 37 
Finding last: U:37 D:35 L:31 R:39
Last Values: U:37 D:35 L:31 R:39
Ratios: UD Fi: 3 UD La: 2 LR Fi: -16 LR La: -11
Deltas: UD: -1 LR: 5
Accumulations: UD: -1 LR: 5
UD_CT: 0 LR_CT: 0 NEAR_CT: 0 FAR_CT: 1
----------
FIFO Level: 10
FIFO Dump: 36 35 31 38 37 37 35 40 39 39 35 41 41 42 37 41 42 39 39 44 45 44 40 45 46 46 44 46 49 48 45 48 
Up Data: 36 37 39 41 42 45 46 49 
Finding last: U:49 D:48 L:45 R:48
Last Values: U:49 D:48 L:45 R:48
Ratios: UD Fi: 1 UD La: 1 LR Fi: -10 LR La: -3
Deltas: UD: 0 LR: 7
Accumulations: UD: -1 LR: 12
UD_CT: 0 LR_CT: 0 NEAR_CT: 0 FAR_CT: 2
----------
FIFO Level: 12
FIFO Dump: 49 48 45 48 49 50 46 49 53 52 49 52 55 55 50 53 55 55 53 56 59 59 56 59 60 60 57 58 60 62 60 63 
Up Data: 49 49 53 55 55 59 60 60 
Finding last: U:60 D:62 L:60 R:63
Last Values: U:60 D:62 L:60 R:63
Ratios: UD Fi: 1 UD La: -1 LR Fi: -3 LR La: -2
Deltas: UD: -2 LR: 1
Accumulations: UD: -3 LR: 13
UD_CT: 0 LR_CT: 0 NEAR_CT: 0 FAR_CT: 3
----------
FIFO Level: 14
FIFO Dump: 64 65 60 63 65 65 64 66 68 67 66 67 70 72 67 67 70 73 71 72 74 75 74 74 79 81 74 76 79 80 78 78 
Up Data: 64 65 68 70 70 74 79 79 
Finding last: U:79 D:80 L:78 R:78
Last Values: U:79 D:80 L:78 R:78
Ratios: UD Fi: 0 UD La: 0 LR Fi: -2 LR La: 0
Deltas: UD: 0 LR: 2
Accumulations: UD: -3 LR: 15
UD_CT: 0 LR_CT: 0 NEAR_CT: 0 FAR_CT: 4
----------
FIFO Level: 16
FIFO Dump: 80 83 80 81 83 83 84 84 88 89 87 88 91 91 89 89 92 94 93 94 97 97 94 93 100 101 97 98 102 103 99 99 
Up Data: 80 83 88 91 92 97 100 102 
Finding last: U:102 D:103 L:99 R:99
Last Values: U:102 D:103 L:99 R:99
Ratios: UD Fi: -1 UD La: 0 LR Fi: 0 LR La: 0
Deltas: UD: 1 LR: 0
Accumulations: UD: -2 LR: 15
UD_CT: 0 LR_CT: 0 NEAR_CT: 0 FAR_CT: 5
----------
FIFO Level: 18
FIFO Dump: 105 105 101 101 106 106 104 103 107 108 106 105 112 110 111 109 114 113 113 111 115 113 113 111 118 116 115 114 117 117 115 115 
Up Data: 105 106 107 112 114 115 118 117 
Finding last: U:117 D:117 L:115 R:115
Last Values: U:117 D:117 L:115 R:115
Ratios: UD Fi: 0 UD La: 0 LR Fi: 0 LR La: 0
Deltas: UD: 0 LR: 0
Accumulations: UD: -2 LR: 15
UD_CT: 0 LR_CT: 0 NEAR_CT: 1 FAR_CT: 5
----------
FIFO Level: 20
FIFO Dump: 122 119 120 121 123 121 122 122 125 122 122 122 129 125 123 122 129 127 126 122 130 127 128 126 133 130 129 127 132 128 129 128 
Up Data: 122 123 125 129 129 130 133 132 
Finding last: U:132 D:128 L:129 R:128
Last Values: U:132 D:128 L:129 R:128
Ratios: UD Fi: 1 UD La: 1 LR Fi: 0 LR La: 0
Deltas: UD: 0 LR: 0
Accumulations: UD: -2 LR: 15
UD_CT: 0 LR_CT: 0 NEAR_CT: 2 FAR_CT: 5
----------
FIFO Level: 22
FIFO Dump: 134 129 131 129 137 133 132 129 138 135 132 132 138 134 132 132 141 136 136 136 140 136 136 135 142 137 136 135 143 138 140 139 
Up Data: 134 137 138 138 141 140 142 143 
Finding last: U:143 D:138 L:140 R:139
Last Values: U:143 D:138 L:140 R:139
Ratios: UD Fi: 1 UD La: 1 LR Fi: 0 LR La: 0
Deltas: UD: 0 LR: 0
Accumulations: UD: -2 LR: 15
UD_CT: 0 LR_CT: 0 NEAR_CT: 3 FAR_CT: 5
----------
FIFO Level: 25
FIFO Dump: 144 138 142 140 144 140 141 140 148 140 142 139 148 143 141 139 150 143 143 142 148 142 142 141 151 144 142 143 153 145 145 144 
Up Data: 144 144 148 148 150 148 151 153 
Finding last: U:153 D:145 L:145 R:144
Last Values: U:153 D:145 L:145 R:144
Ratios: UD Fi: 2 UD La: 2 LR Fi: 0 LR La: 0
Deltas: UD: 0 LR: 0
Accumulations: UD: -2 LR: 15
UD_CT: 0 LR_CT: 0 NEAR_CT: 4 FAR_CT: 5
----------
FIFO Level: 27
FIFO Dump: 156 148 148 146 157 148 152 150 156 150 150 150 161 152 153 151 164 155 154 152 163 153 157 156 165 156 157 157 169 158 161 158 
Up Data: 156 157 156 161 164 163 165 169 
Finding last: U:169 D:158 L:161 R:158
Last Values: U:169 D:158 L:161 R:158
Ratios: UD Fi: 2 UD La: 3 LR Fi: 0 LR La: 0
Deltas: UD: 1 LR: 0
Accumulations: UD: -1 LR: 15
UD_CT: 0 LR_CT: 0 NEAR_CT: 4 FAR_CT: 6
----------
FIFO Level: 29
FIFO Dump: 171 161 162 160 173 163 169 167 177 164 169 165 178 164 173 169 183 170 174 170 186 171 175 170 189 175 180 175 192 175 183 178 
Up Data: 171 173 177 178 183 186 189 192 
Finding last: U:192 D:175 L:183 R:178
Last Values: U:192 D:175 L:183 R:178
Ratios: UD Fi: 3 UD La: 4 LR Fi: 0 LR La: 1
Deltas: UD: 1 LR: 1
Accumulations: UD: 0 LR: 16
UD_CT: 0 LR_CT: 0 NEAR_CT: 4 FAR_CT: 7
----------
FIFO Level: 32
FIFO Dump: 193 178 185 179 198 180 186 181 199 180 190 184 201 184 190 183 205 184 192 184 203 184 194 188 207 186 194 187 206 186 195 189 
Up Data: 193 198 199 201 205 203 207 206 
Finding last: U:206 D:186 L:195 R:189
Last Values: U:206 D:186 L:195 R:189
Ratios: UD Fi: 4 UD La: 5 LR Fi: 1 LR La: 1
Deltas: UD: 1 LR: 0
Accumulations: UD: 1 LR: 16
UD_CT: 0 LR_CT: 0 NEAR_CT: 4 FAR_CT: 8
----------
FIFO Level: 32
FIFO Dump: 191 176 182 177 208 188 195 189 207 186 193 188 206 184 194 189 206 184 195 188 206 185 194 188 206 185 191 184 204 184 189 184 
Up Data: 191 208 207 206 206 206 206 204 
Finding last: U:204 D:184 L:189 R:184
Last Values: U:204 D:184 L:189 R:184
Ratios: UD Fi: 4 UD La: 5 LR Fi: 1 LR La: 1
Deltas: UD: 1 LR: 0
Accumulations: UD: 2 LR: 16
UD_CT: 0 LR_CT: 0 NEAR_CT: 4 FAR_CT: 9
----------
FIFO Level: 32
FIFO Dump: 205 185 192 186 200 182 191 184 199 182 190 185 198 181 187 181 196 178 185 181 197 177 185 181 195 177 184 177 196 178 184 178 
Up Data: 205 200 199 198 196 197 195 196 
Finding last: U:196 D:178 L:184 R:178
Last Values: U:196 D:178 L:184 R:178
Ratios: UD Fi: 5 UD La: 4 LR Fi: 1 LR La: 1
Deltas: UD: -1 LR: 0
Accumulations: UD: 1 LR: 16
UD_CT: 0 LR_CT: 0 NEAR_CT: 4 FAR_CT: 10
----------
FIFO Level: 32
FIFO Dump: 219 198 206 200 192 174 182 177 190 176 179 174 191 177 180 174 190 173 181 175 188 173 179 175 189 174 181 176 188 172 179 174 
Up Data: 219 192 190 191 190 188 189 188 
Finding last: U:188 D:172 L:179 R:174
Last Values: U:188 D:172 L:179 R:174
Ratios: UD Fi: 5 UD La: 4 LR Fi: 1 LR La: 1
Deltas: UD: -1 LR: 0
Accumulations: UD: 0 LR: 16
UD_CT: 0 LR_CT: 0 NEAR_CT: 4 FAR_CT: 11
----------
FIFO Level: 32
FIFO Dump: 223 198 211 203 188 173 177 172 189 173 179 174 191 176 180 175 187 173 178 175 188 172 179 173 191 175 179 175 189 172 180 177 
Up Data: 223 188 189 191 187 188 191 189 
Finding last: U:189 D:172 L:180 R:177
Last Values: U:189 D:172 L:180 R:177
Ratios: UD Fi: 5 UD La: 4 LR Fi: 1 LR La: 0
Deltas: UD: -1 LR: -1
Accumulations: UD: -1 LR: 15
UD_CT: 0 LR_CT: 0 NEAR_CT: 4 FAR_CT: 12
----------
FIFO Level: 32
FIFO Dump: 220 197 206 199 192 177 183 176 191 175 184 179 195 178 185 178 196 179 186 181 198 178 187 182 198 181 188 182 198 181 189 183 
Up Data: 220 192 191 195 196 198 198 198 
Finding last: U:198 D:181 L:189 R:183
Last Values: U:198 D:181 L:189 R:183
Ratios: UD Fi: 5 UD La: 4 LR Fi: 1 LR La: 1
Deltas: UD: -1 LR: 0
Accumulations: UD: -2 LR: 15
UD_CT: 0 LR_CT: 0 NEAR_CT: 4 FAR_CT: 13
----------
FIFO Level: 32
FIFO Dump: 215 194 205 200 205 187 193 189 209 189 199 191 210 189 198 192 212 193 198 192 213 192 201 195 215 192 203 196 219 198 203 198 
Up Data: 215 205 209 210 212 213 215 219 
Finding last: U:219 D:198 L:203 R:198
Last Values: U:219 D:198 L:203 R:198
Ratios: UD Fi: 5 UD La: 5 LR Fi: 1 LR La: 1
Deltas: UD: 0 LR: 0
Accumulations: UD: -2 LR: 15
UD_CT: 0 LR_CT: 0 NEAR_CT: 5 FAR_CT: 13
----------
FIFO Level: 32
FIFO Dump: 216 192 203 198 219 196 206 199 219 195 207 203 221 199 206 202 223 198 210 203 219 198 209 203 223 200 210 203 223 198 208 203 
Up Data: 216 219 219 221 223 219 223 223 
Finding last: U:223 D:198 L:208 R:203
Last Values: U:223 D:198 L:208 R:203
Ratios: UD Fi: 5 UD La: 5 LR Fi: 1 LR La: 1
Deltas: UD: 0 LR: 0
Accumulations: UD: -2 LR: 15
UD_CT: 0 LR_CT: 0 NEAR_CT: 6 FAR_CT: 13
----------
FIFO Level: 32
FIFO Dump: 218 196 205 198 223 199 210 203 222 197 209 202 221 198 208 202 224 198 208 202 220 197 207 200 220 197 208 202 223 198 206 202 
Up Data: 218 223 222 221 224 220 220 223 
Finding last: U:223 D:198 L:206 R:202
Last Values: U:223 D:198 L:206 R:202
Ratios: UD Fi: 5 UD La: 5 LR Fi: 1 LR La: 0
Deltas: UD: 0 LR: -1
Accumulations: UD: -2 LR: 14
UD_CT: 0 LR_CT: 0 NEAR_CT: 6 FAR_CT: 14
----------
FIFO Level: 32
FIFO Dump: 218 196 201 197 220 196 205 199 220 197 205 199 219 197 205 200 219 193 205 198 219 194 204 198 219 195 205 198 217 197 203 197 
Up Data: 218 220 220 219 219 219 219 217 
Finding last: U:217 D:197 L:203 R:197
Last Values: U:217 D:197 L:203 R:197
Ratios: UD Fi: 5 UD La: 4 LR Fi: 1 LR La: 1
Deltas: UD: -1 LR: 0
Accumulations: UD: -3 LR: 14
UD_CT: 0 LR_CT: 0 NEAR_CT: 6 FAR_CT: 15
----------
FIFO Level: 32
FIFO Dump: 201 183 188 185 217 195 202 198 216 192 203 198 218 193 201 198 216 195 203 198 216 194 205 199 217 194 203 197 218 194 203 198 
Up Data: 201 217 216 218 216 216 217 218 
Finding last: U:218 D:194 L:203 R:198
Last Values: U:218 D:194 L:203 R:198
Ratios: UD Fi: 4 UD La: 5 LR Fi: 0 LR La: 1
Deltas: UD: 1 LR: 1
Accumulations: UD: -2 LR: 15
UD_CT: 0 LR_CT: 0 NEAR_CT: 6 FAR_CT: 16
----------
FIFO Level: 32
FIFO Dump: 156 143 144 142 217 195 203 197 218 194 205 199 219 195 205 199 218 195 205 198 219 194 204 199 219 197 205 198 220 196 206 199 
Up Data: 156 217 218 219 218 219 219 220 
Finding last: U:220 D:196 L:206 R:199
Last Values: U:220 D:196 L:206 R:199
Ratios: UD Fi: 4 UD La: 5 LR Fi: 0 LR La: 1
Deltas: UD: 1 LR: 1
Accumulations: UD: -1 LR: 16
UD_CT: 0 LR_CT: 0 NEAR_CT: 6 FAR_CT: 17
----------
FIFO Level: 32
FIFO Dump: 81 79 85 80 220 197 205 199 218 195 205 199 217 194 205 200 220 197 205 200 219 196 205 199 218 194 205 200 219 194 205 199 
Up Data: 81 220 218 217 220 219 218 219 
Finding last: U:219 D:194 L:205 R:199
Last Values: U:219 D:194 L:205 R:199
Ratios: UD Fi: 1 UD La: 6 LR Fi: 3 LR La: 1
Deltas: UD: 5 LR: -2
Accumulations: UD: 4 LR: 14
UD_CT: 0 LR_CT: 0 NEAR_CT: 6 FAR_CT: 18
----------
FIFO Level: 32
FIFO Dump: 31 29 34 27 217 193 201 196 214 192 201 198 215 193 199 194 212 190 199 193 211 190 198 194 212 188 197 191 208 186 194 190 
Up Data: 31 217 214 215 212 211 212 208 
Finding last: U:208 D:186 L:194 R:190
Last Values: U:208 D:186 L:194 R:190
Ratios: UD Fi: 3 UD La: 5 LR Fi: 11 LR La: 1
Deltas: UD: 2 LR: -10
Accumulations: UD: 6 LR: 4
UD_CT: 0 LR_CT: 0 NEAR_CT: 6 FAR_CT: 19
----------
FIFO Level: 32
FIFO Dump: 11 11 11 11 197 177 182 179 193 172 177 173 187 169 175 172 184 168 171 168 178 162 165 164 172 158 162 161 165 154 156 154 
Up Data: 11 197 193 187 184 178 172 165 
Finding last: U:165 D:154 L:156 R:154
Last Values: U:165 D:154 L:156 R:154
Ratios: UD Fi: 0 UD La: 3 LR Fi: 0 LR La: 0
Deltas: UD: 3 LR: 0
Accumulations: UD: 9 LR: 4
UD_CT: 0 LR_CT: 0 NEAR_CT: 6 FAR_CT: 20
----------
FIFO Level: 26
FIFO Dump: 150 138 137 134 143 135 132 132 135 129 127 128 128 122 122 122 122 115 116 116 115 110 108 107 108 104 101 101 101 100 97 94 
Up Data: 150 143 135 128 122 115 108 101 
Finding last: U:101 D:100 L:97 R:94
Last Values: U:101 D:100 L:97 R:94
Ratios: UD Fi: 4 UD La: 0 LR Fi: 1 LR La: 1
Deltas: UD: -4 LR: 0
Accumulations: UD: 5 LR: 4
UD_CT: 0 LR_CT: 0 NEAR_CT: 6 FAR_CT: 21
----------
FIFO Level: 18
FIFO Dump: 73 72 74 68 68 66 66 60 64 61 63 55 54 54 58 50 51 51 54 45 47 46 47 39 41 38 44 35 38 37 39 32 
Up Data: 73 68 64 54 51 47 41 38 
Finding last: U:38 D:37 L:39 R:32
Last Values: U:38 D:37 L:39 R:32
Ratios: UD Fi: 0 UD La: 1 LR Fi: 4 LR La: 9
Deltas: UD: 1 LR: 5
Accumulations: UD: 6 LR: 9
UD_CT: 0 LR_CT: 0 NEAR_CT: 6 FAR_CT: 22
----------
FIFO Level: 10
FIFO Dump: 30 29 32 25 27 26 28 21 22 21 23 18 20 19 22 17 20 18 20 14 18 16 18 15 16 15 17 12 15 13 14 12 
Up Data: 30 27 22 20 20 18 16 15 
Finding last: U:15 D:13 L:14 R:12
Last Values: U:15 D:13 L:14 R:12
Ratios: UD Fi: 1 UD La: 7 LR Fi: 12 LR La: 7
Deltas: UD: 6 LR: -5
Accumulations: UD: 12 LR: 4
UD_CT: 0 LR_CT: 0 NEAR_CT: 6 FAR_CT: 23
----------
FIFO Level: 2
FIFO Dump: 14 13 12 11 11 11 12 11 
Up Data: 14 11 
END: 0
NONE
FIFO Level: 9
FIFO Dump: 32 28 31 30 36 33 37 34 41 38 36 37 42 39 41 41 46 44 44 43 50 46 50 50 54 51 52 51 60 57 57 56 
Up Data: 32 36 41 42 46 50 54 60 
Finding last: U:60 D:57 L:57 R:56
Last Values: U:60 D:57 L:57 R:56
Ratios: UD Fi: 6 UD La: 2 LR Fi: 1 LR La: 0
Deltas: UD: -4 LR: -1
Accumulations: UD: -4 LR: -1
UD_CT: 0 LR_CT: 0 NEAR_CT: 0 FAR_CT: 1
----------
FIFO Level: 10
FIFO Dump: 65 60 63 62 68 65 66 65 74 72 72 70 81 78 77 78 86 80 83 81 92 87 90 87 101 93 98 94 106 99 102 98 
Up Data: 65 68 74 81 86 92 101 106 
Finding last: U:106 D:99 L:102 R:98
Last Values: U:106 D:99 L:102 R:98
Ratios: UD Fi: 4 UD La: 3 LR Fi: 0 LR La: 2
Deltas: UD: -1 LR: 2
Accumulations: UD: -5 LR: 1
UD_CT: 0 LR_CT: 0 NEAR_CT: 0 FAR_CT: 2
----------
FIFO Level: 12
FIFO Dump: 113 103 109 105 122 113 116 112 127 118 124 117 133 122 129 122 139 127 136 126 146 133 141 132 149 137 147 137 153 141 152 140 
Up Data: 113 122 127 133 139 146 149 153 
Finding last: U:153 D:141 L:152 R:140
Last Values: U:153 D:141 L:152 R:140
Ratios: UD Fi: 4 UD La: 4 LR Fi: 1 LR La: 4
Deltas: UD: 0 LR: 3
Accumulations: UD: -5 LR: 4
UD_CT: 0 LR_CT: 0 NEAR_CT: 0 FAR_CT: 3
----------
FIFO Level: 15
FIFO Dump: 157 145 155 143 159 148 160 147 161 150 160 145 164 151 161 147 166 152 164 148 165 153 162 146 161 152 161 146 161 150 159 144 
Up Data: 157 159 161 164 166 165 161 161 
Finding last: U:161 D:150 L:159 R:144
Last Values: U:161 D:150 L:159 R:144
Ratios: UD Fi: 3 UD La: 3 LR Fi: 4 LR La: 4
Deltas: UD: 0 LR: 0
Accumulations: UD: -5 LR: 4
UD_CT: 0 LR_CT: 0 NEAR_CT: 1 FAR_CT: 3
----------
FIFO Level: 17
FIFO Dump: 162 150 156 144 159 149 156 144 158 147 153 141 154 144 150 139 156 145 149 140 151 141 145 136 148 137 143 135 148 136 144 134 
Up Data: 162 159 158 154 156 151 148 148 
Finding last: U:148 D:136 L:144 R:134
Last Values: U:148 D:136 L:144 R:134
Ratios: UD Fi: 3 UD La: 4 LR Fi: 4 LR La: 3
Deltas: UD: 1 LR: -1
Accumulations: UD: -4 LR: 3
UD_CT: 0 LR_CT: 0 NEAR_CT: 1 FAR_CT: 4
----------
FIFO Level: 19
FIFO Dump: 147 136 141 130 146 135 140 130 144 135 136 130 143 132 136 129 142 130 137 131 141 129 137 129 142 130 136 127 142 128 134 126 
Up Data: 147 146 144 143 142 141 142 142 
Finding last: U:142 D:128 L:134 R:126
Last Values: U:142 D:128 L:134 R:126
Ratios: UD Fi: 3 UD La: 5 LR Fi: 4 LR La: 3
Deltas: UD: 2 LR: -1
Accumulations: UD: -2 LR: 2
UD_CT: 0 LR_CT: 0 NEAR_CT: 1 FAR_CT: 5
----------
FIFO Level: 22
FIFO Dump: 141 129 136 127 142 129 135 127 140 128 134 126 140 129 133 127 141 129 135 127 142 130 134 126 142 129 136 129 142 129 135 126 
Up Data: 141 142 140 140 141 142 142 142 
Finding last: U:142 D:129 L:135 R:126
Last Values: U:142 D:129 L:135 R:126
Ratios: UD Fi: 4 UD La: 4 LR Fi: 3 LR La: 3
Deltas: UD: 0 LR: 0
Accumulations: UD: -2 LR: 2
UD_CT: 0 LR_CT: 0 NEAR_CT: 2 FAR_CT: 5
----------
FIFO Level: 24
FIFO Dump: 143 129 135 127 144 131 138 129 143 130 137 129 144 131 140 130 147 132 140 131 147 134 142 131 149 136 143 133 150 136 145 136 
Up Data: 143 144 143 144 147 147 149 150 
Finding last: U:150 D:136 L:145 R:136
Last Values: U:150 D:136 L:145 R:136
Ratios: UD Fi: 5 UD La: 4 LR Fi: 3 LR La: 3
Deltas: UD: -1 LR: 0
Accumulations: UD: -3 LR: 2
UD_CT: 0 LR_CT: 0 NEAR_CT: 2 FAR_CT: 6
----------
FIFO Level: 26
FIFO Dump: 149 135 146 135 153 138 146 136 152 137 150 137 154 140 150 138 155 140 151 140 154 140 151 139 156 139 150 138 157 142 151 140 
Up Data: 149 153 152 154 155 154 156 157 
Finding last: U:157 D:142 L:151 R:140
Last Values: U:157 D:142 L:151 R:140
Ratios: UD Fi: 4 UD La: 5 LR Fi: 3 LR La: 3
Deltas: UD: 1 LR: 0
Accumulations: UD: -2 LR: 2
UD_CT: 0 LR_CT: 0 NEAR_CT: 2 FAR_CT: 7
----------
FIFO Level: 29
FIFO Dump: 157 141 152 140 158 143 153 141 157 140 153 141 156 141 153 142 158 142 152 139 157 141 150 140 156 139 152 140 157 141 151 139 
Up Data: 157 158 157 156 158 157 156 157 
Finding last: U:157 D:141 L:151 R:139
Last Values: U:157 D:141 L:151 R:139
Ratios: UD Fi: 5 UD La: 5 LR Fi: 4 LR La: 4
Deltas: UD: 0 LR: 0
Accumulations: UD: -2 LR: 2
UD_CT: 0 LR_CT: 0 NEAR_CT: 3 FAR_CT: 7
----------
FIFO Level: 31
FIFO Dump: 154 140 149 137 155 140 150 137 155 139 151 138 153 140 149 136 153 136 147 136 151 136 149 135 150 135 146 134 150 135 144 133 
Up Data: 154 155 155 153 153 151 150 150 
Finding last: U:150 D:135 L:144 R:133
Last Values: U:150 D:135 L:144 R:133
Ratios: UD Fi: 4 UD La: 5 LR Fi: 4 LR La: 3
Deltas: UD: 1 LR: -1
Accumulations: UD: -1 LR: 1
UD_CT: 0 LR_CT: 0 NEAR_CT: 3 FAR_CT: 8
----------
FIFO Level: 32
FIFO Dump: 141 129 139 127 147 134 143 132 146 131 141 128 143 129 141 128 143 130 138 128 143 129 141 130 143 128 137 126 143 128 140 127 
Up Data: 141 147 146 143 143 143 143 143 
Finding last: U:143 D:128 L:140 R:127
Last Values: U:143 D:128 L:140 R:127
Ratios: UD Fi: 4 UD La: 5 LR Fi: 4 LR La: 4
Deltas: UD: 1 LR: 0
Accumulations: UD: 0 LR: 1
UD_CT: 0 LR_CT: 0 NEAR_CT: 3 FAR_CT: 9
----------
FIFO Level: 32
FIFO Dump: 142 128 140 129 140 128 136 126 143 129 136 125 140 127 136 125 141 129 136 125 142 128 136 122 140 126 137 126 139 126 136 122 
Up Data: 142 140 143 140 141 142 140 139 
Finding last: U:139 D:126 L:136 R:122
Last Values: U:139 D:126 L:136 R:122
Ratios: UD Fi: 5 UD La: 4 LR Fi: 4 LR La: 5
Deltas: UD: -1 LR: 1
Accumulations: UD: -1 LR: 2
UD_CT: 0 LR_CT: 0 NEAR_CT: 3 FAR_CT: 10
----------
FIFO Level: 32
FIFO Dump: 142 127 137 127 139 127 136 125 140 126 136 124 137 124 136 123 138 125 135 125 138 126 136 125 140 127 135 123 139 128 135 125 
Up Data: 142 139 140 137 138 138 140 139 
Finding last: U:139 D:128 L:135 R:125
Last Values: U:139 D:128 L:135 R:125
Ratios: UD Fi: 5 UD La: 4 LR Fi: 3 LR La: 3
Deltas: UD: -1 LR: 0
Accumulations: UD: -2 LR: 2
UD_CT: 0 LR_CT: 0 NEAR_CT: 3 FAR_CT: 11
----------
FIFO Level: 32
FIFO Dump: 142 128 135 127 140 128 136 126 141 128 136 126 139 129 137 127 141 128 136 125 138 127 136 125 142 129 137 125 141 129 136 125 
Up Data: 142 140 141 139 141 138 142 141 
Finding last: U:141 D:129 L:136 R:125
Last Values: U:141 D:129 L:136 R:125
Ratios: UD Fi: 5 UD La: 4 LR Fi: 3 LR La: 4
Deltas: UD: -1 LR: 1
Accumulations: UD: -3 LR: 3
UD_CT: 0 LR_CT: 0 NEAR_CT: 3 FAR_CT: 12
----------
FIFO Level: 32
FIFO Dump: 137 126 135 127 142 129 138 128 144 131 136 128 143 131 137 127 142 128 138 127 143 129 138 129 142 129 135 127 143 131 139 128 
Up Data: 137 142 144 143 142 143 142 143 
Finding last: U:143 D:131 L:139 R:128
Last Values: U:143 D:131 L:139 R:128
Ratios: UD Fi: 4 UD La: 4 LR Fi: 3 LR La: 4
Deltas: UD: 0 LR: 1
Accumulations: UD: -3 LR: 4
UD_CT: 0 LR_CT: 0 NEAR_CT: 3 FAR_CT: 13
----------
FIFO Level: 32
FIFO Dump: 141 127 133 124 143 130 136 128 143 130 136 126 143 129 136 126 142 129 136 125 143 128 138 127 143 128 137 128 142 130 137 127 
Up Data: 141 143 143 143 142 143 143 142 
Finding last: U:142 D:130 L:137 R:127
Last Values: U:142 D:130 L:137 R:127
Ratios: UD Fi: 5 UD La: 4 LR Fi: 3 LR La: 3
Deltas: UD: -1 LR: 0
Accumulations: UD: -4 LR: 4
UD_CT: 0 LR_CT: 0 NEAR_CT: 3 FAR_CT: 14
----------
FIFO Level: 32
FIFO Dump: 138 122 131 125 143 127 135 124 139 128 137 126 142 129 136 125 141 127 136 125 142 129 134 124 141 128 136 127 142 129 136 126 
Up Data: 138 143 139 142 141 142 141 142 
Finding last: U:142 D:129 L:136 R:126
Last Values: U:142 D:129 L:136 R:126
Ratios: UD Fi: 6 UD La: 4 LR Fi: 2 LR La: 3
Deltas: UD: -2 LR: 1
Accumulations: UD: -6 LR: 5
UD_CT: 0 LR_CT: 0 NEAR_CT: 3 FAR_CT: 15
----------
FIFO Level: 32
FIFO Dump: 137 122 132 125 138 124 136 124 141 128 135 127 140 127 133 125 140 128 133 125 139 126 135 124 140 126 134 127 141 127 134 122 
Up Data: 137 138 141 140 140 139 140 141 
Finding last: U:141 D:127 L:134 R:122
Last Values: U:141 D:127 L:134 R:122
Ratios: UD Fi: 5 UD La: 5 LR Fi: 2 LR La: 4
Deltas: UD: 0 LR: 2
Accumulations: UD: -6 LR: 7
UD_CT: 0 LR_CT: 0 NEAR_CT: 3 FAR_CT: 16
----------
FIFO Level: 32
FIFO Dump: 135 120 129 121 141 127 132 123 140 128 136 126 142 128 134 125 139 126 133 123 140 127 136 129 139 127 135 126 142 128 133 124 
Up Data: 135 141 140 142 139 140 139 142 
Finding last: U:142 D:128 L:133 R:124
Last Values: U:142 D:128 L:133 R:124
Ratios: UD Fi: 5 UD La: 5 LR Fi: 3 LR La: 3
Deltas: UD: 0 LR: 0
Accumulations: UD: -6 LR: 7
UD_CT: 0 LR_CT: 0 NEAR_CT: 4 FAR_CT: 16
----------
FIFO Level: 32
FIFO Dump: 133 118 126 121 140 126 134 123 140 127 133 125 137 124 133 124 138 124 132 126 139 125 132 123 139 125 131 124 137 124 131 125 
Up Data: 133 140 140 137 138 139 139 137 
Finding last: U:137 D:124 L:131 R:125
Last Values: U:137 D:124 L:131 R:125
Ratios: UD Fi: 5 UD La: 4 LR Fi: 2 LR La: 2
Deltas: UD: -1 LR: 0
Accumulations: UD: -7 LR: 7
UD_CT: 0 LR_CT: 0 NEAR_CT: 4 FAR_CT: 17
----------
FIFO Level: 32
FIFO Dump: 126 110 123 115 137 122 129 123 139 124 128 124 138 124 130 123 138 122 129 121 135 123 129 121 136 124 129 124 137 123 129 124 
Up Data: 126 137 139 138 138 135 136 137 
Finding last: U:137 D:123 L:129 R:124
Last Values: U:137 D:123 L:129 R:124
Ratios: UD Fi: 6 UD La: 5 LR Fi: 3 LR La: 1
Deltas: UD: -1 LR: -2
Accumulations: UD: -8 LR: 5
UD_CT: 0 LR_CT: 0 NEAR_CT: 4 FAR_CT: 18
----------
FIFO Level: 32
FIFO Dump: 105 86 104 84 136 121 131 123 136 122 129 126 137 123 128 122 137 123 130 124 136 122 128 121 137 122 129 122 137 122 129 122 
Up Data: 105 136 136 137 137 136 137 137 
Finding last: U:137 D:122 L:129 R:122
Last Values: U:137 D:122 L:129 R:122
Ratios: UD Fi: 9 UD La: 5 LR Fi: 10 LR La: 2
Deltas: UD: -4 LR: -8
Accumulations: UD: -12 LR: -3
UD_CT: 0 LR_CT: 0 NEAR_CT: 4 FAR_CT: 19
----------
FIFO Level: 32
FIFO Dump: 66 51 73 39 134 120 126 121 134 119 128 123 135 120 127 119 134 120 127 122 132 119 126 121 135 120 128 122 133 118 127 120 
Up Data: 66 134 134 135 134 132 135 133 
Finding last: U:133 D:118 L:127 R:120
Last Values: U:133 D:118 L:127 R:120
Ratios: UD Fi: 12 UD La: 5 LR Fi: 30 LR La: 2
Deltas: UD: -7 LR: -28
Accumulations: UD: -19 LR: -31
UD_CT: 0 LR_CT: 0 NEAR_CT: 4 FAR_CT: 19
----------
FIFO Level: 32
FIFO Dump: 17 14 21 5 131 116 126 121 131 116 126 119 132 115 126 119 133 118 125 121 132 115 126 119 131 114 125 118 131 113 123 116 
Up Data: 17 131 131 132 133 132 131 131 
Finding last: U:131 D:113 L:123 R:116
Last Values: U:131 D:113 L:123 R:116
Ratios: UD Fi: 6 UD La: 7 LR Fi: 2 LR La: 2
Deltas: UD: 1 LR: 0
Accumulations: UD: -18 LR: -31
UD_CT: 0 LR_CT: 0 NEAR_CT: 4 FAR_CT: 20
----------
FIFO Level: 26
FIFO Dump: 126 110 122 112 124 107 119 110 124 106 117 108 122 104 121 109 122 102 115 103 118 100 115 102 117 98 113 101 116 97 111 96 
Up Data: 126 124 124 122 122 118 117 116 
Finding last: U:116 D:97 L:111 R:96
Last Values: U:116 D:97 L:111 R:96
Ratios: UD Fi: 6 UD La: 8 LR Fi: 4 LR La: 7
Deltas: UD: 2 LR: 3
Accumulations: UD: -16 LR: -28
UD_CT: 0 LR_CT: 0 NEAR_CT: 4 FAR_CT: 21
----------
FIFO Level: 18
FIFO Dump: 102 84 104 80 96 77 102 76 93 74 101 72 91 71 96 67 87 69 92 63 83 66 87 56 75 59 85 53 73 58 81 49 
Up Data: 102 96 93 91 87 83 75 73 
Finding last: U:73 D:58 L:81 R:49
Last Values: U:73 D:58 L:81 R:49
Ratios: UD Fi: 9 UD La: 11 LR Fi: 13 LR La: 24
Deltas: UD: 2 LR: 11
Accumulations: UD: -14 LR: -17
UD_CT: 0 LR_CT: 0 NEAR_CT: 4 FAR_CT: 22
----------
FIFO Level: 10
FIFO Dump: 59 47 68 34 57 44 65 30 52 40 60 29 45 35 54 23 42 31 50 21 37 29 43 16 32 26 36 11 27 22 32 10 
Up Data: 59 57 52 45 42 37 32 27 
Finding last: U:27 D:22 L:32 R:10
Finding last: U:32 D:26 L:36 R:11
Last Values: U:32 D:26 L:36 R:11
Ratios: UD Fi: 11 UD La: 10 LR Fi: 33 LR La: 53
Deltas: UD: -1 LR: 20
Accumulations: UD: -15 LR: 3
UD_CT: 0 LR_CT: 0 NEAR_CT: 4 FAR_CT: 22
----------
FIFO Level: 2
FIFO Dump: 13 11 15 5 11 9 11 3 
Up Data: 13 11 
END: 0
NONE
